975199
200820
2194975
628091
67375
1634094
678459
0
1770526
985652
1503918
1461879
0
1742137
1076374
2098655
0
725738
297024
2329198
1497155
889036
625413
600000
873393
2252805
2032566
540010
901051
169974
825771
818642
2501343
1510236
468256
951453
877000
972586
3303385
903912
1158287
0
736708
1969244
982128
987093
1732472
361130
1164887
983966
701104
1285895
2877221
574551
0
1796703
0
1749470
2117227
550792
449649
1120271
1377603
1295083
1558252
641720
1143302
488631
1540290
808430
544574
640910
2238916
442850
712936
1728753
468956
0
3416139
751680
1277896
481500
932655
102428
1092414
705303
1039185
1154297
1576969
2407516
2311123
1329654
106002
1023939
6069
439139
2042668
355260
2241011
1265148
